<?xml version="1.0" encoding="UTF-8"?>
<testsuite name="org.example.SILab2Test" tests="2" skipped="0" failures="0" errors="0" timestamp="2024-05-26T12:15:37" hostname="GETAFIX" time="0.044">
  <properties/>
  <testcase name="multipleChoiceTest()" classname="org.example.SILab2Test" time="0.036"/>
  <testcase name="everyBranchTest()" classname="org.example.SILab2Test" time="0.007"/>
  <system-out><![CDATA[]]></system-out>
  <system-err><![CDATA[]]></system-err>
</testsuite>
